Build started 12/21/2017 12:55:18 PM.
     1>Project "C:\Development\FallRescue_git\FallRescue.vcxproj" on node 2 (Build target(s)).
     1>ClCompile:
         C:\Program Files (x86)\Microsoft Visual Studio 12.0\VC\bin\CL.exe /c /I"C:\Program Files\Microsoft SDKs\Kinect\v2.0_1409\/inc" /Zi /nologo /W3 /WX- /sdl /O2 /Oi /Oy- /GL /D WIN32 /D NDEBUG /D _WINDOWS /D _UNICODE /D UNICODE /Gm- /EHsc /MD /GS /Gy /fp:precise /Zc:wchar_t /Zc:forScope /Fo"Release\\" /Fd"Release\vc120.pdb" /Gd /TP /analyze- /errorReport:prompt Drawer.cpp glut.cpp HumanTracker.cpp main.cpp SerialPort.cpp
         Drawer.cpp
     1>Drawer.cpp(31): warning C4305: '=' : truncation from 'double' to 'float'
     1>Drawer.cpp(32): warning C4305: '=' : truncation from 'double' to 'float'
     1>Drawer.cpp(85): warning C4244: 'initializing' : conversion from 'float' to 'int', possible loss of data
     1>Drawer.cpp(89): warning C4305: 'initializing' : truncation from 'double' to 'float'
     1>Drawer.cpp(91): warning C4305: 'initializing' : truncation from 'double' to 'float'
         glut.cpp
         HumanTracker.cpp
     1>HumanTracker.cpp(29): warning C4800: 'IMultiSourceFrameReader *' : forcing value to bool 'true' or 'false' (performance warning)
     1>HumanTracker.cpp(64): warning C4244: '=' : conversion from 'HRESULT' to 'float', possible loss of data
     1>HumanTracker.cpp(73): warning C4244: '=' : conversion from 'double' to 'float', possible loss of data
         main.cpp
         SerialPort.cpp
       Link:
         C:\Program Files (x86)\Microsoft Visual Studio 12.0\VC\bin\link.exe /ERRORREPORT:PROMPT /OUT:"C:\Development\FallRescue_git\Release\FallRescue.exe" /INCREMENTAL:NO /NOLOGO /LIBPATH:"C:\Program Files\Microsoft SDKs\Kinect\v2.0_1409\/lib/x86" kinect20.lib glew32.lib freeglut.lib opengl32.lib glu32.lib kernel32.lib user32.lib gdi32.lib winspool.lib comdlg32.lib advapi32.lib shell32.lib ole32.lib oleaut32.lib uuid.lib odbc32.lib odbccp32.lib /MANIFEST /MANIFESTUAC:"level='asInvoker' uiAccess='false'" /manifest:embed /DEBUG /PDB:"C:\Development\FallRescue_git\Release\FallRescue.pdb" /SUBSYSTEM:CONSOLE /OPT:REF /OPT:ICF /LTCG /TLBID:1 /DYNAMICBASE /NXCOMPAT /IMPLIB:"C:\Development\FallRescue_git\Release\FallRescue.lib" /MACHINE:X86 /SAFESEH Release\Drawer.obj
         Release\glut.obj
         Release\HumanTracker.obj
         Release\main.obj
         Release\SerialPort.obj
         Generating code
         Finished generating code
         FallRescue.vcxproj -> C:\Development\FallRescue_git\Release\FallRescue.exe
     1>Done Building Project "C:\Development\FallRescue_git\FallRescue.vcxproj" (Build target(s)).

Build succeeded.

Time Elapsed 00:00:04.78
